<?xml version="1.0" encoding="UTF-8"?>
<!-- Generated by org.testng.reporters.JUnitReportReporter -->
<testsuite skipped="0" hostname="DESKTOP-RU1O0AT" name="testBestbuy.TestCreateAccount" tests="1" failures="0" timestamp="02 May 2018 23:55:46 GMT" time="39.441" errors="0">
  <testcase name="account" time="39.441" classname="testBestbuy.TestCreateAccount"/>
</testsuite> <!-- testBestbuy.TestCreateAccount -->
