<?xml version="1.0" encoding="UTF-8"?>
<!-- Generated by org.testng.reporters.JUnitReportReporter -->
<testsuite skipped="0" hostname="DESKTOP-5M7RJ3P" name="testAmazon.BrowseAmazon" tests="1" failures="0" timestamp="02 May 2018 14:22:35 GMT" time="8.952" errors="0">
  <testcase name="browseAmazon" time="8.952" classname="testAmazon.BrowseAmazon"/>
</testsuite> <!-- testAmazon.BrowseAmazon -->
